<?xml version="1.0" encoding="UTF-8"?>
<!-- Generated by org.testng.reporters.JUnitXMLReporter -->
<testsuite hostname="chinu" ignored="1" name="Default test" tests="1" failures="0" timestamp="2023-06-16T13:48:41 IST" time="14.219" errors="0">
  <testcase name="unsuccessfulLoginForOtherData" time="0.868" classname="saucedemo.testcases.LoginTestCases"/>
  <testcase name="successfulLoginForSpecifiedData" time="0.0" classname="saucedemo.testcases.LoginTestCases">
    <ignored/>
  </testcase> <!-- successfulLoginForSpecifiedData -->
</testsuite> <!-- Default test -->
